<?xml version="1.0" encoding="UTF-8"?>
<!-- Generated by org.testng.reporters.JUnitReportReporter -->
<testsuite hostname="KevinAddison" failures="0" tests="1" name="com.in28minutes.webdriver.basics.form.FormElementRadioButtonTest" time="6.196" errors="0" timestamp="24 Apr 2024 14:09:18 GMT" skipped="0">
  <testcase classname="com.in28minutes.webdriver.basics.form.FormElementRadioButtonTest" name="setValueOnRadioButtonElementTest" time="6.196"/>
</testsuite> <!-- com.in28minutes.webdriver.basics.form.FormElementRadioButtonTest -->
