<?xml version="1.0" encoding="UTF-8"?>
<!-- Generated by org.testng.reporters.JUnitReportReporter -->
<testsuite hostname="KevinAddison" failures="0" tests="1" name="com.in28minutes.webdriver.login.StaticLoginTest" time="5.096" errors="0" timestamp="22 Apr 2024 13:36:52 GMT" skipped="0">
  <testcase classname="com.in28minutes.webdriver.login.StaticLoginTest" name="loginStatichtmlTest" time="5.096"/>
</testsuite> <!-- com.in28minutes.webdriver.login.StaticLoginTest -->
