<?xml version="1.0" encoding="UTF-8"?>
<!-- Generated by org.testng.reporters.JUnitReportReporter -->
<testsuite hostname="KevinAddison" failures="0" tests="1" name="com.in28minutes.webdriver.basics.WebDriverBasicsLocatorsWithTagTest" time="9.219" errors="0" timestamp="22 Apr 2024 12:49:21 GMT" skipped="0">
  <testcase classname="com.in28minutes.webdriver.basics.WebDriverBasicsLocatorsWithTagTest" name="getDetailsAboutLoginFormElements" time="9.219"/>
</testsuite> <!-- com.in28minutes.webdriver.basics.WebDriverBasicsLocatorsWithTagTest -->
