<?xml version="1.0" encoding="UTF-8"?>
<!-- Generated by org.testng.reporters.JUnitReportReporter -->
<testsuite hostname="KevinAddison" failures="0" tests="4" name="com.in28minutes.webdriver.basics.WebDriverBasicLocatorsTest" time="0.369" errors="0" timestamp="21 Apr 2024 15:27:32 GMT" skipped="0">
  <testcase classname="com.in28minutes.webdriver.basics.WebDriverBasicLocatorsTest" name="testGetInformationAboutSubmit" time="0.082"/>
  <testcase classname="com.in28minutes.webdriver.basics.WebDriverBasicLocatorsTest" name="testGetInformationAboutPassword" time="0.097"/>
  <testcase classname="com.in28minutes.webdriver.basics.WebDriverBasicLocatorsTest" name="testTitle" time="0.049"/>
  <testcase classname="com.in28minutes.webdriver.basics.WebDriverBasicLocatorsTest" name="testGetInformationAboutName" time="0.141"/>
</testsuite> <!-- com.in28minutes.webdriver.basics.WebDriverBasicLocatorsTest -->
