<?xml version="1.0" encoding="UTF-8"?>
<!-- Generated by org.testng.reporters.JUnitReportReporter -->
<testsuite hostname="KevinAddison" failures="0" tests="2" name="com.in28minutes.webdriver.basics.WebDriverBasicLocatorsWithXPathSelectorTest" time="0.431" errors="0" timestamp="23 Apr 2024 14:54:08 GMT" skipped="0">
  <testcase classname="com.in28minutes.webdriver.basics.WebDriverBasicLocatorsWithXPathSelectorTest" name="testSortedBrowserRow1Xpath" time="0.311"/>
  <testcase classname="com.in28minutes.webdriver.basics.WebDriverBasicLocatorsWithXPathSelectorTest" name="testXpathSelectorForTableRow1" time="0.120"/>
</testsuite> <!-- com.in28minutes.webdriver.basics.WebDriverBasicLocatorsWithXPathSelectorTest -->
