<?xml version="1.0" encoding="UTF-8"?>
<!-- Generated by org.testng.reporters.JUnitReportReporter -->
<testsuite hostname="KevinAddison" failures="0" tests="1" name="com.in28minutes.webdriver.basics.form.FormElementCheckBoxTest" time="6.285" errors="0" timestamp="24 Apr 2024 12:50:59 GMT" skipped="0">
  <testcase classname="com.in28minutes.webdriver.basics.form.FormElementCheckBoxTest" name="setUnCheckedValueIntoCheckBoxElementTest" time="6.285"/>
</testsuite> <!-- com.in28minutes.webdriver.basics.form.FormElementCheckBoxTest -->
