<?xml version="1.0" encoding="UTF-8"?>
<!-- Generated by org.testng.reporters.JUnitReportReporter -->
<testsuite hostname="KevinAddison" failures="0" tests="2" name="com.in28minutes.webdriver.basics.WebDriverBasicLocatorsPerformanceTest" time="0.413" errors="0" timestamp="23 Apr 2024 15:20:56 GMT" skipped="0">
  <testcase classname="com.in28minutes.webdriver.basics.WebDriverBasicLocatorsPerformanceTest" name="testCssSelectorForMultipleTableTdBetter" time="0.159"/>
  <testcase classname="com.in28minutes.webdriver.basics.WebDriverBasicLocatorsPerformanceTest" name="testCssSelectorForMultipleTableTd" time="0.254"/>
</testsuite> <!-- com.in28minutes.webdriver.basics.WebDriverBasicLocatorsPerformanceTest -->
