<?xml version="1.0" encoding="UTF-8"?>
<!-- Generated by org.testng.reporters.JUnitReportReporter -->
<testsuite hostname="KevinAddison" failures="0" tests="1" name="com.in28minutes.webdriver.basics.form.FormElementSelectTest" time="16.512" errors="0" timestamp="25 Apr 2024 09:54:04 GMT" skipped="0">
  <testcase classname="com.in28minutes.webdriver.basics.form.FormElementSelectTest" name="setValueForMultipleSelectBoxTest" time="16.512"/>
</testsuite> <!-- com.in28minutes.webdriver.basics.form.FormElementSelectTest -->
