<?xml version="1.0" encoding="UTF-8"?>
<!-- Generated by org.testng.reporters.JUnitReportReporter -->
<testsuite hostname="KevinAddison" failures="0" tests="1" name="com.in28minutes.webdriver.basics.form.FormElementTextTest" time="4.370" errors="0" timestamp="24 Apr 2024 11:08:00 GMT" skipped="0">
  <testcase classname="com.in28minutes.webdriver.basics.form.FormElementTextTest" name="setFormTextAreaElementTest" time="4.370"/>
</testsuite> <!-- com.in28minutes.webdriver.basics.form.FormElementTextTest -->
