<?xml version="1.0" encoding="UTF-8"?>
<!-- Generated by org.testng.reporters.JUnitReportReporter -->
<testsuite hostname="KevinAddison" failures="0" tests="1" name="com.in28minutes.webdriver.login.FirstWebApplicationLoginTest" time="4.708" errors="0" timestamp="22 Apr 2024 13:29:10 GMT" skipped="0">
  <testcase classname="com.in28minutes.webdriver.login.FirstWebApplicationLoginTest" name="loginhtmlTest" time="4.708"/>
</testsuite> <!-- com.in28minutes.webdriver.login.FirstWebApplicationLoginTest -->
