<?xml version="1.0" encoding="UTF-8"?>
<!-- Generated by org.testng.reporters.JUnitReportReporter -->
<testsuite hostname="KevinAddison" failures="0" tests="1" name="com.in28minutes.webdriver.basics.WebDriverBasicLocatorsWithClassTest" time="1.961" errors="0" timestamp="23 Apr 2024 13:31:47 GMT" skipped="0">
  <testcase classname="com.in28minutes.webdriver.basics.WebDriverBasicLocatorsWithClassTest" name="testHugeElements" time="1.961"/>
</testsuite> <!-- com.in28minutes.webdriver.basics.WebDriverBasicLocatorsWithClassTest -->
