<?xml version="1.0" encoding="UTF-8"?>
<!-- Generated by org.testng.reporters.JUnitReportReporter -->
<testsuite hostname="KevinAddison" failures="0" tests="1" name="com.in28minutes.webdriver.basics.WebDriverBasicLocatorsWithIdTest" time="1.687" errors="0" timestamp="23 Apr 2024 13:25:55 GMT" skipped="0">
  <testcase classname="com.in28minutes.webdriver.basics.WebDriverBasicLocatorsWithIdTest" name="testTitle" time="1.687"/>
</testsuite> <!-- com.in28minutes.webdriver.basics.WebDriverBasicLocatorsWithIdTest -->
