<?xml version="1.0" encoding="UTF-8"?>
<!-- Generated by org.testng.reporters.JUnitReportReporter -->
<testsuite hostname="KevinAddison" failures="0" tests="3" name="com.in28minutes.webdriver.basics.WebDriverBasicsLocatorsWithLinkTextTest" time="10.596" errors="0" timestamp="22 Apr 2024 14:10:06 GMT" skipped="0">
  <testcase classname="com.in28minutes.webdriver.basics.WebDriverBasicsLocatorsWithLinkTextTest" name="getIn28minutesLinkAndClick" time="8.778"/>
  <testcase classname="com.in28minutes.webdriver.basics.WebDriverBasicsLocatorsWithLinkTextTest" name="getStaticIndexHtmlPagesSBAdminLink" time="0.109"/>
  <testcase classname="com.in28minutes.webdriver.basics.WebDriverBasicsLocatorsWithLinkTextTest" name="getStaticIndexHtmlPagesLink" time="1.709"/>
</testsuite> <!-- com.in28minutes.webdriver.basics.WebDriverBasicsLocatorsWithLinkTextTest -->
